{"/var/www/html/React/React-E16-oRecipes-lagaalett/src/data.js": {"path":"/var/www/html/React/React-E16-oRecipes-lagaalett/src/data.js","statementMap":{},"fnMap":{},"branchMap":{},"s":{},"f":{},"b":{},"_coverageSchema":"1a1c01bbd47fc00a2c39e90264f33305004495a9","hash":"07a6e3ab61387d5d4454a071d049c629ec297282"}
,"/var/www/html/React/React-E16-oRecipes-lagaalett/src/actions/recipes.js": {"path":"/var/www/html/React/React-E16-oRecipes-lagaalett/src/actions/recipes.js","statementMap":{"0":{"start":{"line":2,"column":37},"end":{"line":2,"column":60}},"1":{"start":{"line":5,"column":34},"end":{"line":7,"column":2}},"2":{"start":{"line":5,"column":41},"end":{"line":7,"column":1}},"3":{"start":{"line":10,"column":28},"end":{"line":10,"column":42}},"4":{"start":{"line":13,"column":27},"end":{"line":17,"column":2}},"5":{"start":{"line":13,"column":41},"end":{"line":17,"column":1}}},"fnMap":{"0":{"name":"(anonymous_0)","decl":{"start":{"line":5,"column":34},"end":{"line":5,"column":35}},"loc":{"start":{"line":5,"column":41},"end":{"line":7,"column":1}},"line":5},"1":{"name":"(anonymous_1)","decl":{"start":{"line":13,"column":27},"end":{"line":13,"column":28}},"loc":{"start":{"line":13,"column":41},"end":{"line":17,"column":1}},"line":13}},"branchMap":{},"s":{"0":1,"1":1,"2":0,"3":1,"4":1,"5":1},"f":{"0":0,"1":1},"b":{},"_coverageSchema":"1a1c01bbd47fc00a2c39e90264f33305004495a9","hash":"c56927e6c3b5e3ef2e42202524b66606d6203912"}
,"/var/www/html/React/React-E16-oRecipes-lagaalett/src/reducers/recipes.js": {"path":"/var/www/html/React/React-E16-oRecipes-lagaalett/src/reducers/recipes.js","statementMap":{"0":{"start":{"line":3,"column":28},"end":{"line":5,"column":1}},"1":{"start":{"line":7,"column":16},"end":{"line":17,"column":1}},"2":{"start":{"line":8,"column":2},"end":{"line":16,"column":3}},"3":{"start":{"line":10,"column":6},"end":{"line":13,"column":8}},"4":{"start":{"line":15,"column":6},"end":{"line":15,"column":19}}},"fnMap":{"0":{"name":"(anonymous_0)","decl":{"start":{"line":7,"column":16},"end":{"line":7,"column":17}},"loc":{"start":{"line":7,"column":55},"end":{"line":17,"column":1}},"line":7}},"branchMap":{"0":{"loc":{"start":{"line":7,"column":17},"end":{"line":7,"column":37}},"type":"default-arg","locations":[{"start":{"line":7,"column":25},"end":{"line":7,"column":37}}],"line":7},"1":{"loc":{"start":{"line":7,"column":39},"end":{"line":7,"column":50}},"type":"default-arg","locations":[{"start":{"line":7,"column":48},"end":{"line":7,"column":50}}],"line":7},"2":{"loc":{"start":{"line":8,"column":2},"end":{"line":16,"column":3}},"type":"switch","locations":[{"start":{"line":9,"column":4},"end":{"line":13,"column":8}},{"start":{"line":14,"column":4},"end":{"line":15,"column":19}}],"line":8}},"s":{"0":1,"1":1,"2":3,"3":1,"4":2},"f":{"0":3},"b":{"0":[2],"1":[2],"2":[1,2]},"_coverageSchema":"1a1c01bbd47fc00a2c39e90264f33305004495a9","hash":"e71b37347c4aa65e39ca911b35a0f2fbeb1658b3"}
,"/var/www/html/React/React-E16-oRecipes-lagaalett/src/selectors/recipes.js": {"path":"/var/www/html/React/React-E16-oRecipes-lagaalett/src/selectors/recipes.js","statementMap":{"0":{"start":{"line":11,"column":17},"end":{"line":13,"column":4}},"1":{"start":{"line":12,"column":4},"end":{"line":12,"column":46}},"2":{"start":{"line":14,"column":2},"end":{"line":14,"column":16}}},"fnMap":{"0":{"name":"findRecipe","decl":{"start":{"line":10,"column":16},"end":{"line":10,"column":26}},"loc":{"start":{"line":10,"column":50},"end":{"line":15,"column":1}},"line":10},"1":{"name":"(anonymous_1)","decl":{"start":{"line":11,"column":30},"end":{"line":11,"column":31}},"loc":{"start":{"line":11,"column":48},"end":{"line":13,"column":3}},"line":11}},"branchMap":{},"s":{"0":3,"1":4,"2":3},"f":{"0":3,"1":4},"b":{},"_coverageSchema":"1a1c01bbd47fc00a2c39e90264f33305004495a9","hash":"ea8d7f205c8bd1a2e1417c1785eb9241c641fc6d"}
}
