{"/var/www/html/React/React-E16-oRecipes-lagaalett/src/components/Card/index.js": {"path":"/var/www/html/React/React-E16-oRecipes-lagaalett/src/components/Card/index.js","statementMap":{"0":{"start":{"line":7,"column":13},"end":{"line":23,"column":1}},"1":{"start":{"line":13,"column":2},"end":{"line":22,"column":12}},"2":{"start":{"line":25,"column":0},"end":{"line":30,"column":2}}},"fnMap":{"0":{"name":"(anonymous_0)","decl":{"start":{"line":7,"column":13},"end":{"line":7,"column":14}},"loc":{"start":{"line":13,"column":2},"end":{"line":22,"column":12}},"line":13}},"branchMap":{},"s":{"0":1,"1":0,"2":1},"f":{"0":0},"b":{},"_coverageSchema":"1a1c01bbd47fc00a2c39e90264f33305004495a9","hash":"85ee7b28a6606f4355a5dd54e0e5c650f2d5c763"}
,"/var/www/html/React/React-E16-oRecipes-lagaalett/src/components/Content/index.js": {"path":"/var/www/html/React/React-E16-oRecipes-lagaalett/src/components/Content/index.js","statementMap":{"0":{"start":{"line":8,"column":16},"end":{"line":20,"column":1}},"1":{"start":{"line":9,"column":2},"end":{"line":19,"column":12}},"2":{"start":{"line":15,"column":10},"end":{"line":15,"column":46}},"3":{"start":{"line":22,"column":0},"end":{"line":30,"column":2}},"4":{"start":{"line":32,"column":0},"end":{"line":34,"column":2}}},"fnMap":{"0":{"name":"(anonymous_0)","decl":{"start":{"line":8,"column":16},"end":{"line":8,"column":17}},"loc":{"start":{"line":9,"column":2},"end":{"line":19,"column":12}},"line":9},"1":{"name":"(anonymous_1)","decl":{"start":{"line":14,"column":21},"end":{"line":14,"column":22}},"loc":{"start":{"line":15,"column":10},"end":{"line":15,"column":46}},"line":15}},"branchMap":{"0":{"loc":{"start":{"line":12,"column":5},"end":{"line":18,"column":5}},"type":"binary-expr","locations":[{"start":{"line":12,"column":5},"end":{"line":12,"column":12}},{"start":{"line":13,"column":6},"end":{"line":17,"column":12}}],"line":12}},"s":{"0":1,"1":1,"2":5,"3":1,"4":1},"f":{"0":1,"1":5},"b":{"0":[1,1]},"_coverageSchema":"1a1c01bbd47fc00a2c39e90264f33305004495a9","hash":"a28a248bd1a787e35b58d7ed6e91bdd47be9c2f1"}
}
