TN:
SF:src/actions/user.js
FN:5,(anonymous_0)
FN:15,(anonymous_1)
FN:23,(anonymous_2)
FN:31,(anonymous_3)
FN:41,(anonymous_4)
FNF:5
FNH:3
FNDA:1,(anonymous_0)
FNDA:0,(anonymous_1)
FNDA:0,(anonymous_2)
FNDA:1,(anonymous_3)
FNDA:1,(anonymous_4)
DA:2,1
DA:5,1
DA:12,1
DA:15,1
DA:20,1
DA:23,1
DA:28,1
DA:31,1
DA:38,1
DA:41,1
LF:10
LH:10
BRF:0
BRH:0
end_of_record
TN:
SF:src/reducers/user.js
FN:10,(anonymous_0)
FNF:1
FNH:1
FNDA:5,(anonymous_0)
DA:3,1
DA:10,1
DA:11,5
DA:13,1
DA:21,1
DA:27,1
DA:35,2
LF:7
LH:7
BRDA:10,0,0,2
BRDA:10,1,0,2
BRDA:11,2,0,1
BRDA:11,2,1,1
BRDA:11,2,2,1
BRDA:11,2,3,2
BRF:6
BRH:6
end_of_record
